This is pdfTeX, Version 3.141592653-2.6-1.40.22 (TeX Live 2021/NixOS.org) (preloaded format=pdflatex 2021.6.26)  12 DEC 2021 21:00
entering extended mode
 restricted \write18 enabled.
 file:line:error style messages enabled.
 %&-line parsing enabled.
**slides.tex
(./slides.tex
LaTeX2e <2020-10-01> patch level 4
L3 programming layer <2021-02-18>
(/nix/store/q8g7wkha989gcphnlbx36xlmhmifwaqm-texlive-combined-full-2021.2021040
8/share/texmf/tex/latex/beamer/beamer.cls
Document Class: beamer 2021/03/19 v3.62 A class for typesetting presentations

(/nix/store/q8g7wkha989gcphnlbx36xlmhmifwaqm-texlive-combined-full-2021.2021040
8/share/texmf/tex/latex/beamer/beamerbasemodes.sty
(/nix/store/q8g7wkha989gcphnlbx36xlmhmifwaqm-texlive-combined-full-2021.2021040
8/share/texmf/tex/latex/etoolbox/etoolbox.sty
Package: etoolbox 2020/10/05 v2.5k e-TeX tools for LaTeX (JAW)
\etb@tempcnta=\count179
)
\beamer@tempbox=\box47
\beamer@tempcount=\count180
\c@beamerpauses=\count181

(/nix/store/q8g7wkha989gcphnlbx36xlmhmifwaqm-texlive-combined-full-2021.2021040
8/share/texmf/tex/latex/beamer/beamerbasedecode.sty
\beamer@slideinframe=\count182
\beamer@minimum=\count183
\beamer@decode@box=\box48
)
\beamer@commentbox=\box49
\beamer@modecount=\count184
)
(/nix/store/q8g7wkha989gcphnlbx36xlmhmifwaqm-texlive-combined-full-2021.2021040
8/share/texmf/tex/generic/iftex/ifpdf.sty
Package: ifpdf 2019/10/25 v3.4 ifpdf legacy package. Use iftex instead.

(/nix/store/q8g7wkha989gcphnlbx36xlmhmifwaqm-texlive-combined-full-2021.2021040
8/share/texmf/tex/generic/iftex/iftex.sty
Package: iftex 2020/03/06 v1.0d TeX engine tests
))
\headdp=\dimen138
\footheight=\dimen139
\sidebarheight=\dimen140
\beamer@tempdim=\dimen141
\beamer@finalheight=\dimen142
\beamer@animht=\dimen143
\beamer@animdp=\dimen144
\beamer@animwd=\dimen145
\beamer@leftmargin=\dimen146
\beamer@rightmargin=\dimen147
\beamer@leftsidebar=\dimen148
\beamer@rightsidebar=\dimen149
\beamer@boxsize=\dimen150
\beamer@vboxoffset=\dimen151
\beamer@descdefault=\dimen152
\beamer@descriptionwidth=\dimen153
\beamer@lastskip=\skip47
\beamer@areabox=\box50
\beamer@animcurrent=\box51
\beamer@animshowbox=\box52
\beamer@sectionbox=\box53
\beamer@logobox=\box54
\beamer@linebox=\box55
\beamer@sectioncount=\count185
\beamer@subsubsectionmax=\count186
\beamer@subsectionmax=\count187
\beamer@sectionmax=\count188
\beamer@totalheads=\count189
\beamer@headcounter=\count190
\beamer@partstartpage=\count191
\beamer@sectionstartpage=\count192
\beamer@subsectionstartpage=\count193
\beamer@animationtempa=\count194
\beamer@animationtempb=\count195
\beamer@xpos=\count196
\beamer@ypos=\count197
\beamer@ypos@offset=\count198
\beamer@showpartnumber=\count199
\beamer@currentsubsection=\count266
\beamer@coveringdepth=\count267
\beamer@sectionadjust=\count268
\beamer@tocsectionnumber=\count269

(/nix/store/q8g7wkha989gcphnlbx36xlmhmifwaqm-texlive-combined-full-2021.2021040
8/share/texmf/tex/latex/beamer/beamerbaseoptions.sty
(/nix/store/q8g7wkha989gcphnlbx36xlmhmifwaqm-texlive-combined-full-2021.2021040
8/share/texmf/tex/latex/graphics/keyval.sty
Package: keyval 2014/10/28 v1.15 key=value parser (DPC)
\KV@toks@=\toks15
))
\beamer@paperwidth=\skip48
\beamer@paperheight=\skip49

(/nix/store/q8g7wkha989gcphnlbx36xlmhmifwaqm-texlive-combined-full-2021.2021040
8/share/texmf/tex/latex/geometry/geometry.sty
Package: geometry 2020/01/02 v5.9 Page Geometry

(/nix/store/q8g7wkha989gcphnlbx36xlmhmifwaqm-texlive-combined-full-2021.2021040
8/share/texmf/tex/generic/iftex/ifvtex.sty
Package: ifvtex 2019/10/25 v1.7 ifvtex legacy package. Use iftex instead.
)
\Gm@cnth=\count270
\Gm@cntv=\count271
\c@Gm@tempcnt=\count272
\Gm@bindingoffset=\dimen154
\Gm@wd@mp=\dimen155
\Gm@odd@mp=\dimen156
\Gm@even@mp=\dimen157
\Gm@layoutwidth=\dimen158
\Gm@layoutheight=\dimen159
\Gm@layouthoffset=\dimen160
\Gm@layoutvoffset=\dimen161
\Gm@dimlist=\toks16
)
(/nix/store/q8g7wkha989gcphnlbx36xlmhmifwaqm-texlive-combined-full-2021.2021040
8/share/texmf/tex/latex/base/size11.clo
File: size11.clo 2020/04/10 v1.4m Standard LaTeX file (size option)
)
(/nix/store/q8g7wkha989gcphnlbx36xlmhmifwaqm-texlive-combined-full-2021.2021040
8/share/texmf/tex/latex/pgf/basiclayer/pgfcore.sty
(/nix/store/q8g7wkha989gcphnlbx36xlmhmifwaqm-texlive-combined-full-2021.2021040
8/share/texmf/tex/latex/graphics/graphicx.sty
Package: graphicx 2020/09/09 v1.2b Enhanced LaTeX Graphics (DPC,SPQR)

(/nix/store/q8g7wkha989gcphnlbx36xlmhmifwaqm-texlive-combined-full-2021.2021040
8/share/texmf/tex/latex/graphics/graphics.sty
Package: graphics 2020/08/30 v1.4c Standard LaTeX Graphics (DPC,SPQR)

(/nix/store/q8g7wkha989gcphnlbx36xlmhmifwaqm-texlive-combined-full-2021.2021040
8/share/texmf/tex/latex/graphics/trig.sty
Package: trig 2016/01/03 v1.10 sin cos tan (DPC)
)
(/nix/store/q8g7wkha989gcphnlbx36xlmhmifwaqm-texlive-combined-full-2021.2021040
8/share/texmf/tex/latex/graphics-cfg/graphics.cfg
File: graphics.cfg 2016/06/04 v1.11 sample graphics configuration
)
Package graphics Info: Driver file: pdftex.def on input line 105.

(/nix/store/q8g7wkha989gcphnlbx36xlmhmifwaqm-texlive-combined-full-2021.2021040
8/share/texmf/tex/latex/graphics-def/pdftex.def
File: pdftex.def 2020/10/05 v1.2a Graphics/color driver for pdftex
))
\Gin@req@height=\dimen162
\Gin@req@width=\dimen163
)
(/nix/store/q8g7wkha989gcphnlbx36xlmhmifwaqm-texlive-combined-full-2021.2021040
8/share/texmf/tex/latex/pgf/systemlayer/pgfsys.sty
(/nix/store/q8g7wkha989gcphnlbx36xlmhmifwaqm-texlive-combined-full-2021.2021040
8/share/texmf/tex/latex/pgf/utilities/pgfrcs.sty
(/nix/store/q8g7wkha989gcphnlbx36xlmhmifwaqm-texlive-combined-full-2021.2021040
8/share/texmf/tex/generic/pgf/utilities/pgfutil-common.tex
\pgfutil@everybye=\toks17
\pgfutil@tempdima=\dimen164
\pgfutil@tempdimb=\dimen165

(/nix/store/q8g7wkha989gcphnlbx36xlmhmifwaqm-texlive-combined-full-2021.2021040
8/share/texmf/tex/generic/pgf/utilities/pgfutil-common-lists.tex))
(/nix/store/q8g7wkha989gcphnlbx36xlmhmifwaqm-texlive-combined-full-2021.2021040
8/share/texmf/tex/generic/pgf/utilities/pgfutil-latex.def
\pgfutil@abb=\box56
)
(/nix/store/q8g7wkha989gcphnlbx36xlmhmifwaqm-texlive-combined-full-2021.2021040
8/share/texmf/tex/generic/pgf/utilities/pgfrcs.code.tex
(/nix/store/q8g7wkha989gcphnlbx36xlmhmifwaqm-texlive-combined-full-2021.2021040
8/share/texmf/tex/generic/pgf/pgf.revision.tex)
Package: pgfrcs 2020/12/27 v3.1.8b (3.1.8b)
))
(/nix/store/q8g7wkha989gcphnlbx36xlmhmifwaqm-texlive-combined-full-2021.2021040
8/share/texmf/tex/generic/pgf/systemlayer/pgfsys.code.tex
Package: pgfsys 2020/12/27 v3.1.8b (3.1.8b)

(/nix/store/q8g7wkha989gcphnlbx36xlmhmifwaqm-texlive-combined-full-2021.2021040
8/share/texmf/tex/generic/pgf/utilities/pgfkeys.code.tex
\pgfkeys@pathtoks=\toks18
\pgfkeys@temptoks=\toks19

(/nix/store/q8g7wkha989gcphnlbx36xlmhmifwaqm-texlive-combined-full-2021.2021040
8/share/texmf/tex/generic/pgf/utilities/pgfkeysfiltered.code.tex
\pgfkeys@tmptoks=\toks20
))
\pgf@x=\dimen166
\pgf@y=\dimen167
\pgf@xa=\dimen168
\pgf@ya=\dimen169
\pgf@xb=\dimen170
\pgf@yb=\dimen171
\pgf@xc=\dimen172
\pgf@yc=\dimen173
\pgf@xd=\dimen174
\pgf@yd=\dimen175
\w@pgf@writea=\write3
\r@pgf@reada=\read2
\c@pgf@counta=\count273
\c@pgf@countb=\count274
\c@pgf@countc=\count275
\c@pgf@countd=\count276
\t@pgf@toka=\toks21
\t@pgf@tokb=\toks22
\t@pgf@tokc=\toks23
\pgf@sys@id@count=\count277

(/nix/store/q8g7wkha989gcphnlbx36xlmhmifwaqm-texlive-combined-full-2021.2021040
8/share/texmf/tex/generic/pgf/systemlayer/pgf.cfg
File: pgf.cfg 2020/12/27 v3.1.8b (3.1.8b)
)
Driver file for pgf: pgfsys-pdftex.def

(/nix/store/q8g7wkha989gcphnlbx36xlmhmifwaqm-texlive-combined-full-2021.2021040
8/share/texmf/tex/generic/pgf/systemlayer/pgfsys-pdftex.def
File: pgfsys-pdftex.def 2020/12/27 v3.1.8b (3.1.8b)

(/nix/store/q8g7wkha989gcphnlbx36xlmhmifwaqm-texlive-combined-full-2021.2021040
8/share/texmf/tex/generic/pgf/systemlayer/pgfsys-common-pdf.def
File: pgfsys-common-pdf.def 2020/12/27 v3.1.8b (3.1.8b)
)))
(/nix/store/q8g7wkha989gcphnlbx36xlmhmifwaqm-texlive-combined-full-2021.2021040
8/share/texmf/tex/generic/pgf/systemlayer/pgfsyssoftpath.code.tex
File: pgfsyssoftpath.code.tex 2020/12/27 v3.1.8b (3.1.8b)
\pgfsyssoftpath@smallbuffer@items=\count278
\pgfsyssoftpath@bigbuffer@items=\count279
)
(/nix/store/q8g7wkha989gcphnlbx36xlmhmifwaqm-texlive-combined-full-2021.2021040
8/share/texmf/tex/generic/pgf/systemlayer/pgfsysprotocol.code.tex
File: pgfsysprotocol.code.tex 2020/12/27 v3.1.8b (3.1.8b)
))
(/nix/store/q8g7wkha989gcphnlbx36xlmhmifwaqm-texlive-combined-full-2021.2021040
8/share/texmf/tex/latex/xcolor/xcolor.sty
Package: xcolor 2016/05/11 v2.12 LaTeX color extensions (UK)

(/nix/store/q8g7wkha989gcphnlbx36xlmhmifwaqm-texlive-combined-full-2021.2021040
8/share/texmf/tex/latex/graphics-cfg/color.cfg
File: color.cfg 2016/01/02 v1.6 sample color configuration
)
Package xcolor Info: Driver file: pdftex.def on input line 225.
Package xcolor Info: Model `cmy' substituted by `cmy0' on input line 1348.
Package xcolor Info: Model `hsb' substituted by `rgb' on input line 1352.
Package xcolor Info: Model `RGB' extended on input line 1364.
Package xcolor Info: Model `HTML' substituted by `rgb' on input line 1366.
Package xcolor Info: Model `Hsb' substituted by `hsb' on input line 1367.
Package xcolor Info: Model `tHsb' substituted by `hsb' on input line 1368.
Package xcolor Info: Model `HSB' substituted by `hsb' on input line 1369.
Package xcolor Info: Model `Gray' substituted by `gray' on input line 1370.
Package xcolor Info: Model `wave' substituted by `hsb' on input line 1371.
)
(/nix/store/q8g7wkha989gcphnlbx36xlmhmifwaqm-texlive-combined-full-2021.2021040
8/share/texmf/tex/generic/pgf/basiclayer/pgfcore.code.tex
Package: pgfcore 2020/12/27 v3.1.8b (3.1.8b)

(/nix/store/q8g7wkha989gcphnlbx36xlmhmifwaqm-texlive-combined-full-2021.2021040
8/share/texmf/tex/generic/pgf/math/pgfmath.code.tex
(/nix/store/q8g7wkha989gcphnlbx36xlmhmifwaqm-texlive-combined-full-2021.2021040
8/share/texmf/tex/generic/pgf/math/pgfmathcalc.code.tex
(/nix/store/q8g7wkha989gcphnlbx36xlmhmifwaqm-texlive-combined-full-2021.2021040
8/share/texmf/tex/generic/pgf/math/pgfmathutil.code.tex)
(/nix/store/q8g7wkha989gcphnlbx36xlmhmifwaqm-texlive-combined-full-2021.2021040
8/share/texmf/tex/generic/pgf/math/pgfmathparser.code.tex
\pgfmath@dimen=\dimen176
\pgfmath@count=\count280
\pgfmath@box=\box57
\pgfmath@toks=\toks24
\pgfmath@stack@operand=\toks25
\pgfmath@stack@operation=\toks26
)
(/nix/store/q8g7wkha989gcphnlbx36xlmhmifwaqm-texlive-combined-full-2021.2021040
8/share/texmf/tex/generic/pgf/math/pgfmathfunctions.code.tex
(/nix/store/q8g7wkha989gcphnlbx36xlmhmifwaqm-texlive-combined-full-2021.2021040
8/share/texmf/tex/generic/pgf/math/pgfmathfunctions.basic.code.tex)
(/nix/store/q8g7wkha989gcphnlbx36xlmhmifwaqm-texlive-combined-full-2021.2021040
8/share/texmf/tex/generic/pgf/math/pgfmathfunctions.trigonometric.code.tex)
(/nix/store/q8g7wkha989gcphnlbx36xlmhmifwaqm-texlive-combined-full-2021.2021040
8/share/texmf/tex/generic/pgf/math/pgfmathfunctions.random.code.tex)
(/nix/store/q8g7wkha989gcphnlbx36xlmhmifwaqm-texlive-combined-full-2021.2021040
8/share/texmf/tex/generic/pgf/math/pgfmathfunctions.comparison.code.tex)
(/nix/store/q8g7wkha989gcphnlbx36xlmhmifwaqm-texlive-combined-full-2021.2021040
8/share/texmf/tex/generic/pgf/math/pgfmathfunctions.base.code.tex)
(/nix/store/q8g7wkha989gcphnlbx36xlmhmifwaqm-texlive-combined-full-2021.2021040
8/share/texmf/tex/generic/pgf/math/pgfmathfunctions.round.code.tex)
(/nix/store/q8g7wkha989gcphnlbx36xlmhmifwaqm-texlive-combined-full-2021.2021040
8/share/texmf/tex/generic/pgf/math/pgfmathfunctions.misc.code.tex)
(/nix/store/q8g7wkha989gcphnlbx36xlmhmifwaqm-texlive-combined-full-2021.2021040
8/share/texmf/tex/generic/pgf/math/pgfmathfunctions.integerarithmetics.code.tex
)))
(/nix/store/q8g7wkha989gcphnlbx36xlmhmifwaqm-texlive-combined-full-2021.2021040
8/share/texmf/tex/generic/pgf/math/pgfmathfloat.code.tex
\c@pgfmathroundto@lastzeros=\count281
))
(/nix/store/q8g7wkha989gcphnlbx36xlmhmifwaqm-texlive-combined-full-2021.2021040
8/share/texmf/tex/generic/pgf/math/pgfint.code.tex)
(/nix/store/q8g7wkha989gcphnlbx36xlmhmifwaqm-texlive-combined-full-2021.2021040
8/share/texmf/tex/generic/pgf/basiclayer/pgfcorepoints.code.tex
File: pgfcorepoints.code.tex 2020/12/27 v3.1.8b (3.1.8b)
\pgf@picminx=\dimen177
\pgf@picmaxx=\dimen178
\pgf@picminy=\dimen179
\pgf@picmaxy=\dimen180
\pgf@pathminx=\dimen181
\pgf@pathmaxx=\dimen182
\pgf@pathminy=\dimen183
\pgf@pathmaxy=\dimen184
\pgf@xx=\dimen185
\pgf@xy=\dimen186
\pgf@yx=\dimen187
\pgf@yy=\dimen188
\pgf@zx=\dimen189
\pgf@zy=\dimen190
)
(/nix/store/q8g7wkha989gcphnlbx36xlmhmifwaqm-texlive-combined-full-2021.2021040
8/share/texmf/tex/generic/pgf/basiclayer/pgfcorepathconstruct.code.tex
File: pgfcorepathconstruct.code.tex 2020/12/27 v3.1.8b (3.1.8b)
\pgf@path@lastx=\dimen191
\pgf@path@lasty=\dimen192
)
(/nix/store/q8g7wkha989gcphnlbx36xlmhmifwaqm-texlive-combined-full-2021.2021040
8/share/texmf/tex/generic/pgf/basiclayer/pgfcorepathusage.code.tex
File: pgfcorepathusage.code.tex 2020/12/27 v3.1.8b (3.1.8b)
\pgf@shorten@end@additional=\dimen193
\pgf@shorten@start@additional=\dimen194
)
(/nix/store/q8g7wkha989gcphnlbx36xlmhmifwaqm-texlive-combined-full-2021.2021040
8/share/texmf/tex/generic/pgf/basiclayer/pgfcorescopes.code.tex
File: pgfcorescopes.code.tex 2020/12/27 v3.1.8b (3.1.8b)
\pgfpic=\box58
\pgf@hbox=\box59
\pgf@layerbox@main=\box60
\pgf@picture@serial@count=\count282
)
(/nix/store/q8g7wkha989gcphnlbx36xlmhmifwaqm-texlive-combined-full-2021.2021040
8/share/texmf/tex/generic/pgf/basiclayer/pgfcoregraphicstate.code.tex
File: pgfcoregraphicstate.code.tex 2020/12/27 v3.1.8b (3.1.8b)
\pgflinewidth=\dimen195
)
(/nix/store/q8g7wkha989gcphnlbx36xlmhmifwaqm-texlive-combined-full-2021.2021040
8/share/texmf/tex/generic/pgf/basiclayer/pgfcoretransformations.code.tex
File: pgfcoretransformations.code.tex 2020/12/27 v3.1.8b (3.1.8b)
\pgf@pt@x=\dimen196
\pgf@pt@y=\dimen197
\pgf@pt@temp=\dimen198
)
(/nix/store/q8g7wkha989gcphnlbx36xlmhmifwaqm-texlive-combined-full-2021.2021040
8/share/texmf/tex/generic/pgf/basiclayer/pgfcorequick.code.tex
File: pgfcorequick.code.tex 2020/12/27 v3.1.8b (3.1.8b)
)
(/nix/store/q8g7wkha989gcphnlbx36xlmhmifwaqm-texlive-combined-full-2021.2021040
8/share/texmf/tex/generic/pgf/basiclayer/pgfcoreobjects.code.tex
File: pgfcoreobjects.code.tex 2020/12/27 v3.1.8b (3.1.8b)
)
(/nix/store/q8g7wkha989gcphnlbx36xlmhmifwaqm-texlive-combined-full-2021.2021040
8/share/texmf/tex/generic/pgf/basiclayer/pgfcorepathprocessing.code.tex
File: pgfcorepathprocessing.code.tex 2020/12/27 v3.1.8b (3.1.8b)
)
(/nix/store/q8g7wkha989gcphnlbx36xlmhmifwaqm-texlive-combined-full-2021.2021040
8/share/texmf/tex/generic/pgf/basiclayer/pgfcorearrows.code.tex
File: pgfcorearrows.code.tex 2020/12/27 v3.1.8b (3.1.8b)
\pgfarrowsep=\dimen199
)
(/nix/store/q8g7wkha989gcphnlbx36xlmhmifwaqm-texlive-combined-full-2021.2021040
8/share/texmf/tex/generic/pgf/basiclayer/pgfcoreshade.code.tex
File: pgfcoreshade.code.tex 2020/12/27 v3.1.8b (3.1.8b)
\pgf@max=\dimen256
\pgf@sys@shading@range@num=\count283
\pgf@shadingcount=\count284
)
(/nix/store/q8g7wkha989gcphnlbx36xlmhmifwaqm-texlive-combined-full-2021.2021040
8/share/texmf/tex/generic/pgf/basiclayer/pgfcoreimage.code.tex
File: pgfcoreimage.code.tex 2020/12/27 v3.1.8b (3.1.8b)

(/nix/store/q8g7wkha989gcphnlbx36xlmhmifwaqm-texlive-combined-full-2021.2021040
8/share/texmf/tex/generic/pgf/basiclayer/pgfcoreexternal.code.tex
File: pgfcoreexternal.code.tex 2020/12/27 v3.1.8b (3.1.8b)
\pgfexternal@startupbox=\box61
))
(/nix/store/q8g7wkha989gcphnlbx36xlmhmifwaqm-texlive-combined-full-2021.2021040
8/share/texmf/tex/generic/pgf/basiclayer/pgfcorelayers.code.tex
File: pgfcorelayers.code.tex 2020/12/27 v3.1.8b (3.1.8b)
)
(/nix/store/q8g7wkha989gcphnlbx36xlmhmifwaqm-texlive-combined-full-2021.2021040
8/share/texmf/tex/generic/pgf/basiclayer/pgfcoretransparency.code.tex
File: pgfcoretransparency.code.tex 2020/12/27 v3.1.8b (3.1.8b)
)
(/nix/store/q8g7wkha989gcphnlbx36xlmhmifwaqm-texlive-combined-full-2021.2021040
8/share/texmf/tex/generic/pgf/basiclayer/pgfcorepatterns.code.tex
File: pgfcorepatterns.code.tex 2020/12/27 v3.1.8b (3.1.8b)
)
(/nix/store/q8g7wkha989gcphnlbx36xlmhmifwaqm-texlive-combined-full-2021.2021040
8/share/texmf/tex/generic/pgf/basiclayer/pgfcorerdf.code.tex
File: pgfcorerdf.code.tex 2020/12/27 v3.1.8b (3.1.8b)
)))
(/nix/store/q8g7wkha989gcphnlbx36xlmhmifwaqm-texlive-combined-full-2021.2021040
8/share/texmf/tex/latex/pgf/utilities/xxcolor.sty
Package: xxcolor 2003/10/24 ver 0.1
\XC@nummixins=\count285
\XC@countmixins=\count286
)
(/nix/store/q8g7wkha989gcphnlbx36xlmhmifwaqm-texlive-combined-full-2021.2021040
8/share/texmf/tex/latex/base/atbegshi-ltx.sty
Package: atbegshi-ltx 2020/08/17 v1.0a Emulation of the original atbegshi packa
ge
with kernel methods
)
(/nix/store/q8g7wkha989gcphnlbx36xlmhmifwaqm-texlive-combined-full-2021.2021040
8/share/texmf/tex/latex/hyperref/hyperref.sty
Package: hyperref 2021-02-27 v7.00k Hypertext links for LaTeX

(/nix/store/q8g7wkha989gcphnlbx36xlmhmifwaqm-texlive-combined-full-2021.2021040
8/share/texmf/tex/generic/ltxcmds/ltxcmds.sty
Package: ltxcmds 2020-05-10 v1.25 LaTeX kernel commands for general use (HO)
)
(/nix/store/q8g7wkha989gcphnlbx36xlmhmifwaqm-texlive-combined-full-2021.2021040
8/share/texmf/tex/generic/pdftexcmds/pdftexcmds.sty
Package: pdftexcmds 2020-06-27 v0.33 Utility functions of pdfTeX for LuaTeX (HO
)

(/nix/store/q8g7wkha989gcphnlbx36xlmhmifwaqm-texlive-combined-full-2021.2021040
8/share/texmf/tex/generic/infwarerr/infwarerr.sty
Package: infwarerr 2019/12/03 v1.5 Providing info/warning/error messages (HO)
)
Package pdftexcmds Info: \pdf@primitive is available.
Package pdftexcmds Info: \pdf@ifprimitive is available.
Package pdftexcmds Info: \pdfdraftmode found.
)
(/nix/store/q8g7wkha989gcphnlbx36xlmhmifwaqm-texlive-combined-full-2021.2021040
8/share/texmf/tex/generic/kvsetkeys/kvsetkeys.sty
Package: kvsetkeys 2019/12/15 v1.18 Key value parser (HO)
)
(/nix/store/q8g7wkha989gcphnlbx36xlmhmifwaqm-texlive-combined-full-2021.2021040
8/share/texmf/tex/generic/kvdefinekeys/kvdefinekeys.sty
Package: kvdefinekeys 2019-12-19 v1.6 Define keys (HO)
)
(/nix/store/q8g7wkha989gcphnlbx36xlmhmifwaqm-texlive-combined-full-2021.2021040
8/share/texmf/tex/generic/pdfescape/pdfescape.sty
Package: pdfescape 2019/12/09 v1.15 Implements pdfTeX's escape features (HO)
)
(/nix/store/q8g7wkha989gcphnlbx36xlmhmifwaqm-texlive-combined-full-2021.2021040
8/share/texmf/tex/latex/hycolor/hycolor.sty
Package: hycolor 2020-01-27 v1.10 Color options for hyperref/bookmark (HO)
)
(/nix/store/q8g7wkha989gcphnlbx36xlmhmifwaqm-texlive-combined-full-2021.2021040
8/share/texmf/tex/latex/letltxmacro/letltxmacro.sty
Package: letltxmacro 2019/12/03 v1.6 Let assignment for LaTeX macros (HO)
)
(/nix/store/q8g7wkha989gcphnlbx36xlmhmifwaqm-texlive-combined-full-2021.2021040
8/share/texmf/tex/latex/auxhook/auxhook.sty
Package: auxhook 2019-12-17 v1.6 Hooks for auxiliary files (HO)
)
(/nix/store/q8g7wkha989gcphnlbx36xlmhmifwaqm-texlive-combined-full-2021.2021040
8/share/texmf/tex/latex/kvoptions/kvoptions.sty
Package: kvoptions 2020-10-07 v3.14 Key value format for package options (HO)
)
\@linkdim=\dimen257
\Hy@linkcounter=\count287
\Hy@pagecounter=\count288

(/nix/store/q8g7wkha989gcphnlbx36xlmhmifwaqm-texlive-combined-full-2021.2021040
8/share/texmf/tex/latex/hyperref/pd1enc.def
File: pd1enc.def 2021-02-27 v7.00k Hyperref: PDFDocEncoding definition (HO)
Now handling font encoding PD1 ...
... no UTF-8 mapping file for font encoding PD1
)
(/nix/store/q8g7wkha989gcphnlbx36xlmhmifwaqm-texlive-combined-full-2021.2021040
8/share/texmf/tex/latex/hyperref/hyperref-langpatches.def
File: hyperref-langpatches.def 2021-02-27 v7.00k Hyperref: patches for babel la
nguages
)
(/nix/store/q8g7wkha989gcphnlbx36xlmhmifwaqm-texlive-combined-full-2021.2021040
8/share/texmf/tex/generic/intcalc/intcalc.sty
Package: intcalc 2019/12/15 v1.3 Expandable calculations with integers (HO)
)
(/nix/store/q8g7wkha989gcphnlbx36xlmhmifwaqm-texlive-combined-full-2021.2021040
8/share/texmf/tex/generic/etexcmds/etexcmds.sty
Package: etexcmds 2019/12/15 v1.7 Avoid name clashes with e-TeX commands (HO)
)
\Hy@SavedSpaceFactor=\count289

(/nix/store/q8g7wkha989gcphnlbx36xlmhmifwaqm-texlive-combined-full-2021.2021040
8/share/texmf/tex/latex/hyperref/puenc.def
File: puenc.def 2021-02-27 v7.00k Hyperref: PDF Unicode definition (HO)
Now handling font encoding PU ...
... no UTF-8 mapping file for font encoding PU
)
Package hyperref Info: Option `bookmarks' set `true' on input line 4073.
Package hyperref Info: Option `bookmarksopen' set `true' on input line 4073.
Package hyperref Info: Option `implicit' set `false' on input line 4073.
Package hyperref Info: Hyper figures OFF on input line 4192.
Package hyperref Info: Link nesting OFF on input line 4197.
Package hyperref Info: Hyper index ON on input line 4200.
Package hyperref Info: Plain pages OFF on input line 4207.
Package hyperref Info: Backreferencing OFF on input line 4212.
Package hyperref Info: Implicit mode OFF; no redefinition of LaTeX internals.
Package hyperref Info: Bookmarks ON on input line 4445.
\c@Hy@tempcnt=\count290

(/nix/store/q8g7wkha989gcphnlbx36xlmhmifwaqm-texlive-combined-full-2021.2021040
8/share/texmf/tex/latex/url/url.sty
\Urlmuskip=\muskip16
Package: url 2013/09/16  ver 3.4  Verb mode for urls, etc.
)
LaTeX Info: Redefining \url on input line 4804.
\XeTeXLinkMargin=\dimen258

(/nix/store/q8g7wkha989gcphnlbx36xlmhmifwaqm-texlive-combined-full-2021.2021040
8/share/texmf/tex/generic/bitset/bitset.sty
Package: bitset 2019/12/09 v1.3 Handle bit-vector datatype (HO)

(/nix/store/q8g7wkha989gcphnlbx36xlmhmifwaqm-texlive-combined-full-2021.2021040
8/share/texmf/tex/generic/bigintcalc/bigintcalc.sty
Package: bigintcalc 2019/12/15 v1.5 Expandable calculations on big integers (HO
)
))
\Fld@menulength=\count291
\Field@Width=\dimen259
\Fld@charsize=\dimen260
Package hyperref Info: Hyper figures OFF on input line 6075.
Package hyperref Info: Link nesting OFF on input line 6080.
Package hyperref Info: Hyper index ON on input line 6083.
Package hyperref Info: backreferencing OFF on input line 6090.
Package hyperref Info: Link coloring OFF on input line 6095.
Package hyperref Info: Link coloring with OCG OFF on input line 6100.
Package hyperref Info: PDF/A mode OFF on input line 6105.
LaTeX Info: Redefining \ref on input line 6145.
LaTeX Info: Redefining \pageref on input line 6149.
\Hy@abspage=\count292


Package hyperref Message: Stopped early.

)
Package hyperref Info: Driver (autodetected): hpdftex.

(/nix/store/q8g7wkha989gcphnlbx36xlmhmifwaqm-texlive-combined-full-2021.2021040
8/share/texmf/tex/latex/hyperref/hpdftex.def
File: hpdftex.def 2021-02-27 v7.00k Hyperref driver for pdfTeX

(/nix/store/q8g7wkha989gcphnlbx36xlmhmifwaqm-texlive-combined-full-2021.2021040
8/share/texmf/tex/latex/base/atveryend-ltx.sty
Package: atveryend-ltx 2020/08/19 v1.0a Emulation of the original atvery packag
e
with kernel methods
)
\Fld@listcount=\count293
\c@bookmark@seq@number=\count294

(/nix/store/q8g7wkha989gcphnlbx36xlmhmifwaqm-texlive-combined-full-2021.2021040
8/share/texmf/tex/latex/rerunfilecheck/rerunfilecheck.sty
Package: rerunfilecheck 2019/12/05 v1.9 Rerun checks for auxiliary files (HO)

(/nix/store/q8g7wkha989gcphnlbx36xlmhmifwaqm-texlive-combined-full-2021.2021040
8/share/texmf/tex/generic/uniquecounter/uniquecounter.sty
Package: uniquecounter 2019/12/15 v1.4 Provide unlimited unique counter (HO)
)
Package uniquecounter Info: New unique counter `rerunfilecheck' on input line 2
86.
))
(/nix/store/q8g7wkha989gcphnlbx36xlmhmifwaqm-texlive-combined-full-2021.2021040
8/share/texmf/tex/latex/beamer/beamerbaserequires.sty
(/nix/store/q8g7wkha989gcphnlbx36xlmhmifwaqm-texlive-combined-full-2021.2021040
8/share/texmf/tex/latex/beamer/beamerbasecompatibility.sty)
(/nix/store/q8g7wkha989gcphnlbx36xlmhmifwaqm-texlive-combined-full-2021.2021040
8/share/texmf/tex/latex/beamer/beamerbasefont.sty
(/nix/store/q8g7wkha989gcphnlbx36xlmhmifwaqm-texlive-combined-full-2021.2021040
8/share/texmf/tex/latex/amsfonts/amssymb.sty
Package: amssymb 2013/01/14 v3.01 AMS font symbols

(/nix/store/q8g7wkha989gcphnlbx36xlmhmifwaqm-texlive-combined-full-2021.2021040
8/share/texmf/tex/latex/amsfonts/amsfonts.sty
Package: amsfonts 2013/01/14 v3.01 Basic AMSFonts support
\@emptytoks=\toks27
\symAMSa=\mathgroup4
\symAMSb=\mathgroup5
LaTeX Font Info:    Redeclaring math symbol \hbar on input line 98.
LaTeX Font Info:    Overwriting math alphabet `\mathfrak' in version `bold'
(Font)                  U/euf/m/n --> U/euf/b/n on input line 106.
))
(/nix/store/q8g7wkha989gcphnlbx36xlmhmifwaqm-texlive-combined-full-2021.2021040
8/share/texmf/tex/latex/sansmathaccent/sansmathaccent.sty
Package: sansmathaccent 2020/01/31

(/nix/store/q8g7wkha989gcphnlbx36xlmhmifwaqm-texlive-combined-full-2021.2021040
8/share/texmf/tex/latex/koma-script/scrlfile.sty
Package: scrlfile 2021/03/17 v3.33 KOMA-Script package (file load hooks)

(/nix/store/q8g7wkha989gcphnlbx36xlmhmifwaqm-texlive-combined-full-2021.2021040
8/share/texmf/tex/latex/koma-script/scrlfile-hook.sty
Package: scrlfile-hook 2021/03/17 v3.33 KOMA-Script package (using LaTeX hooks)


LaTeX3 Info: Defining command \BeforeFile with sig. 'm' on line 61.


LaTeX3 Info: Defining command \AfterFile with sig. 'm' on line 65.


LaTeX3 Info: Defining command \BeforeClass with sig. 'm' on line 69.


LaTeX3 Info: Defining command \BeforePackage with sig. 'm' on line 73.


LaTeX3 Info: Defining command \AfterAtEndOfClass with sig. 'smo+m' on line 83.


LaTeX3 Info: Defining command \AfterAtEndOfPackage with sig. 'smo+m' on line
(LaTeX3)     93.


LaTeX3 Info: Defining command \scrlfile@AfterClass with sig. 'smo+m' on line
(LaTeX3)     173.


LaTeX3 Info: Defining command \AfterClass with sig. '' on line 174.


LaTeX3 Info: Defining command \scrlfile@AfterPackage with sig. 'smo+m' on line
(LaTeX3)     191.


LaTeX3 Info: Defining command \AfterPackage with sig. '' on line 192.


LaTeX3 Info: Defining command \ReplaceInput with sig. '' on line 193.


LaTeX3 Info: Defining command \ReplaceClass with sig. 'mm' on line 196.


LaTeX3 Info: Defining command \ReplacePackage with sig. 'mm' on line 199.


LaTeX3 Info: Defining command \UnReplaceInput with sig. '' on line 200.


LaTeX3 Info: Defining command \UnReplaceClass with sig. 'm' on line 203.


LaTeX3 Info: Defining command \UnReplacePackage with sig. 'mm' on line 206.


LaTeX3 Info: Defining command \PreventPackageFromLoading with sig. 's+om' on
(LaTeX3)     line 234.


LaTeX3 Info: Defining command \StorePreventPackageFromLoading with sig. 'm' on
(LaTeX3)     line 242.


LaTeX3 Info: Defining command \ResetPreventPackageFromLoading with sig. '' on
(LaTeX3)     line 247.


LaTeX3 Info: Defining command \UnPreventPackageFromLoading with sig. 'sm' on
(LaTeX3)     line 261.


LaTeX3 Info: Defining command \BeforeClosingMainAux with sig. 'om' on line
(LaTeX3)     274.


LaTeX3 Info: Defining command \AfterReadingMainAux with sig. 'om' on line 287.


LaTeX3 Info: Defining command \protected@immediate@write with sig. 'm+m+m' on
(LaTeX3)     line 298.


(/nix/store/q8g7wkha989gcphnlbx36xlmhmifwaqm-texlive-combined-full-2021.2021040
8/share/texmf/tex/latex/koma-script/scrlogo.sty
Package: scrlogo 2021/03/17 v3.33 KOMA-Script package (logo)
)))))
(/nix/store/q8g7wkha989gcphnlbx36xlmhmifwaqm-texlive-combined-full-2021.2021040
8/share/texmf/tex/latex/beamer/beamerbasetranslator.sty
(/nix/store/q8g7wkha989gcphnlbx36xlmhmifwaqm-texlive-combined-full-2021.2021040
8/share/texmf/tex/latex/translator/translator.sty
Package: translator 2020-08-03 v1.12c Easy translation of strings in LaTeX
))
(/nix/store/q8g7wkha989gcphnlbx36xlmhmifwaqm-texlive-combined-full-2021.2021040
8/share/texmf/tex/latex/beamer/beamerbasemisc.sty)
(/nix/store/q8g7wkha989gcphnlbx36xlmhmifwaqm-texlive-combined-full-2021.2021040
8/share/texmf/tex/latex/beamer/beamerbasetwoscreens.sty)
(/nix/store/q8g7wkha989gcphnlbx36xlmhmifwaqm-texlive-combined-full-2021.2021040
8/share/texmf/tex/latex/beamer/beamerbaseoverlay.sty
\beamer@argscount=\count295
\beamer@lastskipcover=\skip50
\beamer@trivlistdepth=\count296
)
(/nix/store/q8g7wkha989gcphnlbx36xlmhmifwaqm-texlive-combined-full-2021.2021040
8/share/texmf/tex/latex/beamer/beamerbasetitle.sty)
(/nix/store/q8g7wkha989gcphnlbx36xlmhmifwaqm-texlive-combined-full-2021.2021040
8/share/texmf/tex/latex/beamer/beamerbasesection.sty
\c@lecture=\count297
\c@part=\count298
\c@section=\count299
\c@subsection=\count300
\c@subsubsection=\count301
)
(/nix/store/q8g7wkha989gcphnlbx36xlmhmifwaqm-texlive-combined-full-2021.2021040
8/share/texmf/tex/latex/beamer/beamerbaseframe.sty
\beamer@framebox=\box62
\beamer@frametitlebox=\box63
\beamer@zoombox=\box64
\beamer@zoomcount=\count302
\beamer@zoomframecount=\count303
\beamer@frametextheight=\dimen261
\c@subsectionslide=\count304
\beamer@frametopskip=\skip51
\beamer@framebottomskip=\skip52
\beamer@frametopskipautobreak=\skip53
\beamer@framebottomskipautobreak=\skip54
\beamer@envbody=\toks28
\framewidth=\dimen262
\c@framenumber=\count305
)
(/nix/store/q8g7wkha989gcphnlbx36xlmhmifwaqm-texlive-combined-full-2021.2021040
8/share/texmf/tex/latex/beamer/beamerbaseverbatim.sty
\beamer@verbatimfileout=\write4
)
(/nix/store/q8g7wkha989gcphnlbx36xlmhmifwaqm-texlive-combined-full-2021.2021040
8/share/texmf/tex/latex/beamer/beamerbaseframesize.sty
\beamer@splitbox=\box65
\beamer@autobreakcount=\count306
\beamer@autobreaklastheight=\dimen263
\beamer@frametitletoks=\toks29
\beamer@framesubtitletoks=\toks30
)
(/nix/store/q8g7wkha989gcphnlbx36xlmhmifwaqm-texlive-combined-full-2021.2021040
8/share/texmf/tex/latex/beamer/beamerbaseframecomponents.sty
\beamer@footins=\box66
)
(/nix/store/q8g7wkha989gcphnlbx36xlmhmifwaqm-texlive-combined-full-2021.2021040
8/share/texmf/tex/latex/beamer/beamerbasecolor.sty)
(/nix/store/q8g7wkha989gcphnlbx36xlmhmifwaqm-texlive-combined-full-2021.2021040
8/share/texmf/tex/latex/beamer/beamerbasenotes.sty
\beamer@frameboxcopy=\box67
)
(/nix/store/q8g7wkha989gcphnlbx36xlmhmifwaqm-texlive-combined-full-2021.2021040
8/share/texmf/tex/latex/beamer/beamerbasetoc.sty)
(/nix/store/q8g7wkha989gcphnlbx36xlmhmifwaqm-texlive-combined-full-2021.2021040
8/share/texmf/tex/latex/beamer/beamerbasetemplates.sty
\beamer@sbttoks=\toks31

(/nix/store/q8g7wkha989gcphnlbx36xlmhmifwaqm-texlive-combined-full-2021.2021040
8/share/texmf/tex/latex/beamer/beamerbaseauxtemplates.sty
(/nix/store/q8g7wkha989gcphnlbx36xlmhmifwaqm-texlive-combined-full-2021.2021040
8/share/texmf/tex/latex/beamer/beamerbaseboxes.sty
\bmb@box=\box68
\bmb@colorbox=\box69
\bmb@boxwidth=\dimen264
\bmb@boxheight=\dimen265
\bmb@prevheight=\dimen266
\bmb@temp=\dimen267
\bmb@dima=\dimen268
\bmb@dimb=\dimen269
\bmb@prevheight=\dimen270
)
\beamer@blockheadheight=\dimen271
))
(/nix/store/q8g7wkha989gcphnlbx36xlmhmifwaqm-texlive-combined-full-2021.2021040
8/share/texmf/tex/latex/beamer/beamerbaselocalstructure.sty
(/nix/store/q8g7wkha989gcphnlbx36xlmhmifwaqm-texlive-combined-full-2021.2021040
8/share/texmf/tex/latex/tools/enumerate.sty
Package: enumerate 2015/07/23 v3.00 enumerate extensions (DPC)
\@enLab=\toks32
)
\beamer@bibiconwidth=\skip55
\c@figure=\count307
\c@table=\count308
\abovecaptionskip=\skip56
\belowcaptionskip=\skip57
)
(/nix/store/q8g7wkha989gcphnlbx36xlmhmifwaqm-texlive-combined-full-2021.2021040
8/share/texmf/tex/latex/beamer/beamerbasenavigation.sty
\beamer@section@min@dim=\dimen272
)
(/nix/store/q8g7wkha989gcphnlbx36xlmhmifwaqm-texlive-combined-full-2021.2021040
8/share/texmf/tex/latex/beamer/beamerbasetheorems.sty
(/nix/store/q8g7wkha989gcphnlbx36xlmhmifwaqm-texlive-combined-full-2021.2021040
8/share/texmf/tex/latex/amsmath/amsmath.sty
Package: amsmath 2020/09/23 v2.17i AMS math features
\@mathmargin=\skip58

For additional information on amsmath, use the `?' option.

(/nix/store/q8g7wkha989gcphnlbx36xlmhmifwaqm-texlive-combined-full-2021.2021040
8/share/texmf/tex/latex/amsmath/amstext.sty
Package: amstext 2000/06/29 v2.01 AMS text

(/nix/store/q8g7wkha989gcphnlbx36xlmhmifwaqm-texlive-combined-full-2021.2021040
8/share/texmf/tex/latex/amsmath/amsgen.sty
File: amsgen.sty 1999/11/30 v2.0 generic functions
\@emptytoks=\toks33
\ex@=\dimen273
))
(/nix/store/q8g7wkha989gcphnlbx36xlmhmifwaqm-texlive-combined-full-2021.2021040
8/share/texmf/tex/latex/amsmath/amsbsy.sty
Package: amsbsy 1999/11/29 v1.2d Bold Symbols
\pmbraise@=\dimen274
)
(/nix/store/q8g7wkha989gcphnlbx36xlmhmifwaqm-texlive-combined-full-2021.2021040
8/share/texmf/tex/latex/amsmath/amsopn.sty
Package: amsopn 2016/03/08 v2.02 operator names
)
\inf@bad=\count309
LaTeX Info: Redefining \frac on input line 234.
\uproot@=\count310
\leftroot@=\count311
LaTeX Info: Redefining \overline on input line 399.
\classnum@=\count312
\DOTSCASE@=\count313
LaTeX Info: Redefining \ldots on input line 496.
LaTeX Info: Redefining \dots on input line 499.
LaTeX Info: Redefining \cdots on input line 620.
\Mathstrutbox@=\box70
\strutbox@=\box71
\big@size=\dimen275
LaTeX Font Info:    Redeclaring font encoding OML on input line 743.
LaTeX Font Info:    Redeclaring font encoding OMS on input line 744.
\macc@depth=\count314
\c@MaxMatrixCols=\count315
\dotsspace@=\muskip17
\c@parentequation=\count316
\dspbrk@lvl=\count317
\tag@help=\toks34
\row@=\count318
\column@=\count319
\maxfields@=\count320
\andhelp@=\toks35
\eqnshift@=\dimen276
\alignsep@=\dimen277
\tagshift@=\dimen278
\tagwidth@=\dimen279
\totwidth@=\dimen280
\lineht@=\dimen281
\@envbody=\toks36
\multlinegap=\skip59
\multlinetaggap=\skip60
\mathdisplay@stack=\toks37
LaTeX Info: Redefining \[ on input line 2923.
LaTeX Info: Redefining \] on input line 2924.
)
(/nix/store/q8g7wkha989gcphnlbx36xlmhmifwaqm-texlive-combined-full-2021.2021040
8/share/texmf/tex/latex/amscls/amsthm.sty
Package: amsthm 2020/05/29 v2.20.6
\thm@style=\toks38
\thm@bodyfont=\toks39
\thm@headfont=\toks40
\thm@notefont=\toks41
\thm@headpunct=\toks42
\thm@preskip=\skip61
\thm@postskip=\skip62
\thm@headsep=\skip63
\dth@everypar=\toks43
)
\c@theorem=\count321
)
(/nix/store/q8g7wkha989gcphnlbx36xlmhmifwaqm-texlive-combined-full-2021.2021040
8/share/texmf/tex/latex/beamer/beamerbasethemes.sty))
(/nix/store/q8g7wkha989gcphnlbx36xlmhmifwaqm-texlive-combined-full-2021.2021040
8/share/texmf/tex/latex/beamer/beamerthemedefault.sty
(/nix/store/q8g7wkha989gcphnlbx36xlmhmifwaqm-texlive-combined-full-2021.2021040
8/share/texmf/tex/latex/beamer/beamerfontthemedefault.sty)
(/nix/store/q8g7wkha989gcphnlbx36xlmhmifwaqm-texlive-combined-full-2021.2021040
8/share/texmf/tex/latex/beamer/beamercolorthemedefault.sty)
(/nix/store/q8g7wkha989gcphnlbx36xlmhmifwaqm-texlive-combined-full-2021.2021040
8/share/texmf/tex/latex/beamer/beamerinnerthemedefault.sty
\beamer@dima=\dimen282
\beamer@dimb=\dimen283
)
(/nix/store/q8g7wkha989gcphnlbx36xlmhmifwaqm-texlive-combined-full-2021.2021040
8/share/texmf/tex/latex/beamer/beamerouterthemedefault.sty)))
(/nix/store/q8g7wkha989gcphnlbx36xlmhmifwaqm-texlive-combined-full-2021.2021040
8/share/texmf/tex/latex/base/inputenc.sty
Package: inputenc 2020/08/01 v1.3d Input encoding file
\inpenc@prehook=\toks44
\inpenc@posthook=\toks45
)
(/nix/store/q8g7wkha989gcphnlbx36xlmhmifwaqm-texlive-combined-full-2021.2021040
8/share/texmf/tex/latex/base/fontenc.sty
Package: fontenc 2020/08/10 v2.0s Standard LaTeX package
)
(/nix/store/q8g7wkha989gcphnlbx36xlmhmifwaqm-texlive-combined-full-2021.2021040
8/share/texmf/tex/latex/libertine/biolinum.sty
Package: biolinum 2020/03/26 (Bob Tennent) Supports Biolinum fonts for all LaTe
X engines.

(/nix/store/q8g7wkha989gcphnlbx36xlmhmifwaqm-texlive-combined-full-2021.2021040
8/share/texmf/tex/generic/iftex/ifxetex.sty
Package: ifxetex 2019/10/25 v0.7 ifxetex legacy package. Use iftex instead.
)
(/nix/store/q8g7wkha989gcphnlbx36xlmhmifwaqm-texlive-combined-full-2021.2021040
8/share/texmf/tex/generic/iftex/ifluatex.sty
Package: ifluatex 2019/10/25 v1.5 ifluatex legacy package. Use iftex instead.
)
(/nix/store/q8g7wkha989gcphnlbx36xlmhmifwaqm-texlive-combined-full-2021.2021040
8/share/texmf/tex/latex/xkeyval/xkeyval.sty
Package: xkeyval 2020/11/20 v2.8 package option processing (HA)

(/nix/store/q8g7wkha989gcphnlbx36xlmhmifwaqm-texlive-combined-full-2021.2021040
8/share/texmf/tex/generic/xkeyval/xkeyval.tex
(/nix/store/q8g7wkha989gcphnlbx36xlmhmifwaqm-texlive-combined-full-2021.2021040
8/share/texmf/tex/generic/xkeyval/xkvutils.tex
\XKV@toks=\toks46
\XKV@tempa@toks=\toks47
)
\XKV@depth=\count322
File: xkeyval.tex 2014/12/03 v2.7a key=value parser (HA)
))
(/nix/store/q8g7wkha989gcphnlbx36xlmhmifwaqm-texlive-combined-full-2021.2021040
8/share/texmf/tex/latex/base/textcomp.sty
Package: textcomp 2020/02/02 v2.0n Standard LaTeX package
)
(/nix/store/q8g7wkha989gcphnlbx36xlmhmifwaqm-texlive-combined-full-2021.2021040
8/share/texmf/tex/latex/base/fontenc.sty
Package: fontenc 2020/08/10 v2.0s Standard LaTeX package
)
(/nix/store/q8g7wkha989gcphnlbx36xlmhmifwaqm-texlive-combined-full-2021.2021040
8/share/texmf/tex/latex/fontaxes/fontaxes.sty
Package: fontaxes 2020/07/21 v1.0e Font selection axes
LaTeX Info: Redefining \upshape on input line 29.
LaTeX Info: Redefining \itshape on input line 31.
LaTeX Info: Redefining \slshape on input line 33.
LaTeX Info: Redefining \swshape on input line 35.
LaTeX Info: Redefining \scshape on input line 37.
LaTeX Info: Redefining \sscshape on input line 39.
LaTeX Info: Redefining \ulcshape on input line 41.
LaTeX Info: Redefining \textsw on input line 47.
LaTeX Info: Redefining \textssc on input line 48.
LaTeX Info: Redefining \textulc on input line 49.
))
(/nix/store/q8g7wkha989gcphnlbx36xlmhmifwaqm-texlive-combined-full-2021.2021040
8/share/texmf/tex/generic/babel/babel.sty
Package: babel 2021/03/24 3.56 The Babel package

(/nix/store/q8g7wkha989gcphnlbx36xlmhmifwaqm-texlive-combined-full-2021.2021040
8/share/texmf/tex/generic/babel/babel.def
File: babel.def 2021/03/24 3.56 Babel common definitions
\babel@savecnt=\count323
\U@D=\dimen284
\l@babelnohyphens=\language87

(/nix/store/q8g7wkha989gcphnlbx36xlmhmifwaqm-texlive-combined-full-2021.2021040
8/share/texmf/tex/generic/babel/txtbabel.def)
\bbl@readstream=\read3
)
LaTeX Info: Redefining \textlatin on input line 717.
\bbl@dirlevel=\count324

(/nix/store/q8g7wkha989gcphnlbx36xlmhmifwaqm-texlive-combined-full-2021.2021040
8/share/texmf/tex/generic/babel-dutch/dutch.ldf
Language: dutch 2020/10/29 v3.8j Dutch support from the babel system
Package babel Info: Making " an active character on input line 127.
))
(/nix/store/q8g7wkha989gcphnlbx36xlmhmifwaqm-texlive-combined-full-2021.2021040
8/share/texmf/tex/latex/microtype/microtype.sty
Package: microtype 2021/03/14 v2.8c Micro-typographical refinements (RS)
\MT@toks=\toks48
\MT@count=\count325
LaTeX Info: Redefining \textls on input line 790.
\MT@outer@kern=\dimen285
LaTeX Info: Redefining \textmicrotypecontext on input line 1374.
\MT@listname@count=\count326

(/nix/store/q8g7wkha989gcphnlbx36xlmhmifwaqm-texlive-combined-full-2021.2021040
8/share/texmf/tex/latex/microtype/microtype-pdftex.def
File: microtype-pdftex.def 2021/03/14 v2.8c Definitions specific to pdftex (RS)

LaTeX Info: Redefining \lsstyle on input line 915.
LaTeX Info: Redefining \lslig on input line 915.
\MT@outer@space=\skip64
)
Package microtype Info: Loading configuration file microtype.cfg.

(/nix/store/q8g7wkha989gcphnlbx36xlmhmifwaqm-texlive-combined-full-2021.2021040
8/share/texmf/tex/latex/microtype/microtype.cfg
File: microtype.cfg 2021/03/14 v2.8c microtype main configuration file (RS)
))
(/nix/store/q8g7wkha989gcphnlbx36xlmhmifwaqm-texlive-combined-full-2021.2021040
8/share/texmf/tex/latex/biblatex/biblatex.sty
Package: biblatex 2020/12/31 v3.16 programmable bibliographies (PK/MW)

(/nix/store/q8g7wkha989gcphnlbx36xlmhmifwaqm-texlive-combined-full-2021.2021040
8/share/texmf/tex/latex/logreq/logreq.sty
Package: logreq 2010/08/04 v1.0 xml request logger
\lrq@indent=\count327

(/nix/store/q8g7wkha989gcphnlbx36xlmhmifwaqm-texlive-combined-full-2021.2021040
8/share/texmf/tex/latex/logreq/logreq.def
File: logreq.def 2010/08/04 v1.0 logreq spec v1.0
))
(/nix/store/q8g7wkha989gcphnlbx36xlmhmifwaqm-texlive-combined-full-2021.2021040
8/share/texmf/tex/latex/base/ifthen.sty
Package: ifthen 2014/09/29 v1.1c Standard LaTeX ifthen package (DPC)
)
\c@tabx@nest=\count328
\c@listtotal=\count329
\c@listcount=\count330
\c@liststart=\count331
\c@liststop=\count332
\c@citecount=\count333
\c@citetotal=\count334
\c@multicitecount=\count335
\c@multicitetotal=\count336
\c@instcount=\count337
\c@maxnames=\count338
\c@minnames=\count339
\c@maxitems=\count340
\c@minitems=\count341
\c@citecounter=\count342
\c@maxcitecounter=\count343
\c@savedcitecounter=\count344
\c@uniquelist=\count345
\c@uniquename=\count346
\c@refsection=\count347
\c@refsegment=\count348
\c@maxextratitle=\count349
\c@maxextratitleyear=\count350
\c@maxextraname=\count351
\c@maxextradate=\count352
\c@maxextraalpha=\count353
\c@abbrvpenalty=\count354
\c@highnamepenalty=\count355
\c@lownamepenalty=\count356
\c@maxparens=\count357
\c@parenlevel=\count358
\blx@tempcnta=\count359
\blx@tempcntb=\count360
\blx@tempcntc=\count361
\blx@maxsection=\count362
\blx@maxsegment@0=\count363
\blx@notetype=\count364
\blx@parenlevel@text=\count365
\blx@parenlevel@foot=\count366
\blx@sectionciteorder@0=\count367
\blx@entrysetcounter=\count368
\blx@biblioinstance=\count369
\labelnumberwidth=\skip65
\labelalphawidth=\skip66
\biblabelsep=\skip67
\bibitemsep=\skip68
\bibnamesep=\skip69
\bibinitsep=\skip70
\bibparsep=\skip71
\bibhang=\skip72
\blx@bcfin=\read4
\blx@bcfout=\write5
\blx@langwohyphens=\language88
\c@mincomprange=\count370
\c@maxcomprange=\count371
\c@mincompwidth=\count372
Package biblatex Info: Trying to load biblatex default data model...
Package biblatex Info: ... file 'blx-dm.def' found.

(/nix/store/q8g7wkha989gcphnlbx36xlmhmifwaqm-texlive-combined-full-2021.2021040
8/share/texmf/tex/latex/biblatex/blx-dm.def
File: blx-dm.def 2020/12/31 v3.16 biblatex localization (PK/MW)
)
Package biblatex Info: Trying to load biblatex custom data model...
Package biblatex Info: ... file 'biblatex-dm.cfg' not found.
\c@afterword=\count373
\c@savedafterword=\count374
\c@annotator=\count375
\c@savedannotator=\count376
\c@author=\count377
\c@savedauthor=\count378
\c@bookauthor=\count379
\c@savedbookauthor=\count380
\c@commentator=\count381
\c@savedcommentator=\count382
\c@editor=\count383
\c@savededitor=\count384
\c@editora=\count385
\c@savededitora=\count386
\c@editorb=\count387
\c@savededitorb=\count388
\c@editorc=\count389
\c@savededitorc=\count390
\c@foreword=\count391
\c@savedforeword=\count392
\c@holder=\count393
\c@savedholder=\count394
\c@introduction=\count395
\c@savedintroduction=\count396
\c@namea=\count397
\c@savednamea=\count398
\c@nameb=\count399
\c@savednameb=\count400
\c@namec=\count401
\c@savednamec=\count402
\c@translator=\count403
\c@savedtranslator=\count404
\c@shortauthor=\count405
\c@savedshortauthor=\count406
\c@shorteditor=\count407
\c@savedshorteditor=\count408
\c@labelname=\count409
\c@savedlabelname=\count410
\c@institution=\count411
\c@savedinstitution=\count412
\c@lista=\count413
\c@savedlista=\count414
\c@listb=\count415
\c@savedlistb=\count416
\c@listc=\count417
\c@savedlistc=\count418
\c@listd=\count419
\c@savedlistd=\count420
\c@liste=\count421
\c@savedliste=\count422
\c@listf=\count423
\c@savedlistf=\count424
\c@location=\count425
\c@savedlocation=\count426
\c@organization=\count427
\c@savedorganization=\count428
\c@origlocation=\count429
\c@savedoriglocation=\count430
\c@origpublisher=\count431
\c@savedorigpublisher=\count432
\c@publisher=\count433
\c@savedpublisher=\count434
\c@language=\count435
\c@savedlanguage=\count436
\c@origlanguage=\count437
\c@savedoriglanguage=\count438
\c@pageref=\count439
\c@savedpageref=\count440
\shorthandwidth=\skip73
\shortjournalwidth=\skip74
\shortserieswidth=\skip75
\shorttitlewidth=\skip76
\shortauthorwidth=\skip77
\shorteditorwidth=\skip78
\locallabelnumberwidth=\skip79
\locallabelalphawidth=\skip80
\localshorthandwidth=\skip81
\localshortjournalwidth=\skip82
\localshortserieswidth=\skip83
\localshorttitlewidth=\skip84
\localshortauthorwidth=\skip85
\localshorteditorwidth=\skip86
Package biblatex Info: Trying to load compatibility code...
Package biblatex Info: ... file 'blx-compat.def' found.

(/nix/store/q8g7wkha989gcphnlbx36xlmhmifwaqm-texlive-combined-full-2021.2021040
8/share/texmf/tex/latex/biblatex/blx-compat.def
File: blx-compat.def 2020/12/31 v3.16 biblatex compatibility (PK/MW)
)
Package biblatex Info: Trying to load generic definitions...
Package biblatex Info: ... file 'biblatex.def' found.

(/nix/store/q8g7wkha989gcphnlbx36xlmhmifwaqm-texlive-combined-full-2021.2021040
8/share/texmf/tex/latex/biblatex/biblatex.def
File: biblatex.def 2020/12/31 v3.16 biblatex compatibility (PK/MW)
\c@textcitecount=\count441
\c@textcitetotal=\count442
\c@textcitemaxnames=\count443
\c@biburlbigbreakpenalty=\count444
\c@biburlbreakpenalty=\count445
\c@biburlnumpenalty=\count446
\c@biburlucpenalty=\count447
\c@biburllcpenalty=\count448
\biburlbigskip=\muskip18
\biburlnumskip=\muskip19
\biburlucskip=\muskip20
\biburllcskip=\muskip21
\c@smartand=\count449
)
Package biblatex Info: Trying to load bibliography style 'numeric'...
Package biblatex Info: ... file 'numeric.bbx' found.

(/nix/store/q8g7wkha989gcphnlbx36xlmhmifwaqm-texlive-combined-full-2021.2021040
8/share/texmf/tex/latex/biblatex/bbx/numeric.bbx
File: numeric.bbx 2020/12/31 v3.16 biblatex bibliography style (PK/MW)
Package biblatex Info: Trying to load bibliography style 'standard'...
Package biblatex Info: ... file 'standard.bbx' found.

(/nix/store/q8g7wkha989gcphnlbx36xlmhmifwaqm-texlive-combined-full-2021.2021040
8/share/texmf/tex/latex/biblatex/bbx/standard.bbx
File: standard.bbx 2020/12/31 v3.16 biblatex bibliography style (PK/MW)
\c@bbx:relatedcount=\count450
\c@bbx:relatedtotal=\count451
))
Package biblatex Info: Trying to load citation style 'numeric'...
Package biblatex Info: ... file 'numeric.cbx' found.

(/nix/store/q8g7wkha989gcphnlbx36xlmhmifwaqm-texlive-combined-full-2021.2021040
8/share/texmf/tex/latex/biblatex/cbx/numeric.cbx
File: numeric.cbx 2020/12/31 v3.16 biblatex citation style (PK/MW)
Package biblatex Info: Redefining '\cite'.
Package biblatex Info: Redefining '\parencite'.
Package biblatex Info: Redefining '\footcite'.
Package biblatex Info: Redefining '\footcitetext'.
Package biblatex Info: Redefining '\smartcite'.
Package biblatex Info: Redefining '\supercite'.
Package biblatex Info: Redefining '\textcite'.
Package biblatex Info: Redefining '\textcites'.
Package biblatex Info: Redefining '\cites'.
Package biblatex Info: Redefining '\parencites'.
Package biblatex Info: Redefining '\smartcites'.
)
Package biblatex Info: Trying to load configuration file...
Package biblatex Info: ... file 'biblatex.cfg' found.

(/nix/store/q8g7wkha989gcphnlbx36xlmhmifwaqm-texlive-combined-full-2021.2021040
8/share/texmf/tex/latex/biblatex/biblatex.cfg
File: biblatex.cfg 
))
(/nix/store/q8g7wkha989gcphnlbx36xlmhmifwaqm-texlive-combined-full-2021.2021040
8/share/texmf/tex/latex/siunitx/siunitx.sty
(/nix/store/q8g7wkha989gcphnlbx36xlmhmifwaqm-texlive-combined-full-2021.2021040
8/share/texmf/tex/latex/l3kernel/expl3.sty
Package: expl3 2021-02-18 L3 programming layer (loader) 

(/nix/store/q8g7wkha989gcphnlbx36xlmhmifwaqm-texlive-combined-full-2021.2021040
8/share/texmf/tex/latex/l3backend/l3backend-pdftex.def
File: l3backend-pdftex.def 2021-03-18 L3 backend support: PDF output (pdfTeX)
\l__color_backend_stack_int=\count452
\l__pdf_internal_box=\box72
))
(/nix/store/q8g7wkha989gcphnlbx36xlmhmifwaqm-texlive-combined-full-2021.2021040
8/share/texmf/tex/latex/l3packages/xparse/xparse.sty
(/nix/store/q8g7wkha989gcphnlbx36xlmhmifwaqm-texlive-combined-full-2021.2021040
8/share/texmf/tex/latex/l3packages/xparse/xparse-2020-10-01.sty
(/nix/store/q8g7wkha989gcphnlbx36xlmhmifwaqm-texlive-combined-full-2021.2021040
8/share/texmf/tex/latex/l3packages/xparse/xparse-generic.tex)))
Package: siunitx 2021/03/27 v2.8c A comprehensive (SI) units package

(/nix/store/q8g7wkha989gcphnlbx36xlmhmifwaqm-texlive-combined-full-2021.2021040
8/share/texmf/tex/latex/tools/array.sty
Package: array 2020/10/01 v2.5c Tabular extension package (FMi)
\col@sep=\dimen286
\ar@mcellbox=\box73
\extrarowheight=\dimen287
\NC@list=\toks49
\extratabsurround=\skip87
\backup@length=\skip88
\ar@cellbox=\box74
)
(/nix/store/q8g7wkha989gcphnlbx36xlmhmifwaqm-texlive-combined-full-2021.2021040
8/share/texmf/tex/latex/l3packages/l3keys2e/l3keys2e.sty
Package: l3keys2e 2021-03-12 LaTeX2e option processing using LaTeX3 keys
)
\l__siunitx_tmp_box=\box75
\l__siunitx_tmp_dim=\dimen288
\l__siunitx_tmp_int=\count453
\l__siunitx_number_mantissa_length_int=\count454
\l__siunitx_number_uncert_length_int=\count455
\l__siunitx_round_int=\count456
\l__siunitx_process_decimal_int=\count457
\l__siunitx_process_uncertainty_int=\count458
\l__siunitx_process_fixed_int=\count459
\l__siunitx_process_integer_min_int=\count460
\l__siunitx_process_precision_int=\count461
\l__siunitx_group_min_int=\count462
\l__siunitx_angle_marker_box=\box76
\l__siunitx_angle_unit_box=\box77
\l__siunitx_angle_marker_dim=\dimen289
\l__siunitx_angle_unit_dim=\dimen290
\l__siunitx_unit_int=\count463
\l__siunitx_unit_denominator_int=\count464
\l__siunitx_unit_numerator_int=\count465
\l__siunitx_unit_prefix_int=\count466
\l__siunitx_unit_prefix_base_int=\count467
\l__siunitx_unit_prefix_gram_int=\count468
\l__siunitx_number_product_int=\count469
\c__siunitx_one_fill_skip=\skip89
\l__siunitx_table_unit_align_skip=\skip90
\l__siunitx_table_exponent_dim=\dimen291
\l__siunitx_table_integer_dim=\dimen292
\l__siunitx_table_mantissa_dim=\dimen293
\l__siunitx_table_marker_dim=\dimen294
\l__siunitx_table_result_dim=\dimen295
\l__siunitx_table_uncert_dim=\dimen296
\l__siunitx_table_fill_pre_dim=\dimen297
\l__siunitx_table_fill_post_dim=\dimen298
\l__siunitx_table_fill_mid_dim=\dimen299
\l__siunitx_table_pre_box=\box78
\l__siunitx_table_post_box=\box79
\l__siunitx_table_mantissa_box=\box80
\l__siunitx_table_result_box=\box81
\l__siunitx_table_number_align_skip=\skip91
\l__siunitx_table_text_align_skip=\skip92
)
(/nix/store/q8g7wkha989gcphnlbx36xlmhmifwaqm-texlive-combined-full-2021.2021040
8/share/texmf/tex/latex/datetime2/datetime2.sty
Package: datetime2 2021/03/21 v1.5.7 (NLCT) date and time formats

(/nix/store/q8g7wkha989gcphnlbx36xlmhmifwaqm-texlive-combined-full-2021.2021040
8/share/texmf/tex/latex/tracklang/tracklang.sty
Package: tracklang 2020/06/30 v1.5 (NLCT) Track Languages

(/nix/store/q8g7wkha989gcphnlbx36xlmhmifwaqm-texlive-combined-full-2021.2021040
8/share/texmf/tex/generic/tracklang/tracklang.tex))
(/nix/store/q8g7wkha989gcphnlbx36xlmhmifwaqm-texlive-combined-full-2021.2021040
8/share/texmf/tex/latex/datetime2-dutch/datetime2-dutch.ldf
File: datetime2-dutch.ldf 2018/04/06 v1.1
))
(/nix/store/q8g7wkha989gcphnlbx36xlmhmifwaqm-texlive-combined-full-2021.2021040
8/share/texmf/tex/latex/paralist/paralist.sty
Package: paralist 2017/01/22 v2.7 Extended list environments
\pltopsep=\skip93
\plpartopsep=\skip94
\plitemsep=\skip95
\plparsep=\skip96
\pl@lab=\toks50
)
(/nix/store/q8g7wkha989gcphnlbx36xlmhmifwaqm-texlive-combined-full-2021.2021040
8/share/texmf/tex/latex/beamertheme-metropolis/beamerthememetropolis.sty
Package: beamerthememetropolis 2017/01/23 v1.2 Metropolis Beamer theme

(/nix/store/q8g7wkha989gcphnlbx36xlmhmifwaqm-texlive-combined-full-2021.2021040
8/share/texmf/tex/latex/pgfopts/pgfopts.sty
Package: pgfopts 2014/07/10 v2.1a LaTeX package options with pgfkeys

(/nix/store/q8g7wkha989gcphnlbx36xlmhmifwaqm-texlive-combined-full-2021.2021040
8/share/texmf/tex/latex/pgf/utilities/pgfkeys.sty
(/nix/store/q8g7wkha989gcphnlbx36xlmhmifwaqm-texlive-combined-full-2021.2021040
8/share/texmf/tex/generic/pgf/utilities/pgfkeys.code.tex))
\pgfopts@list@add@a@toks=\toks51
\pgfopts@list@add@b@toks=\toks52
)
(/nix/store/q8g7wkha989gcphnlbx36xlmhmifwaqm-texlive-combined-full-2021.2021040
8/share/texmf/tex/latex/beamertheme-metropolis/beamerinnerthememetropolis.sty
Package: beamerinnerthememetropolis 2017/01/23 Metropolis inner theme

(/nix/store/q8g7wkha989gcphnlbx36xlmhmifwaqm-texlive-combined-full-2021.2021040
8/share/texmf/tex/latex/tools/calc.sty
Package: calc 2017/05/25 v4.3 Infix arithmetic (KKT,FJ)
\calc@Acount=\count470
\calc@Bcount=\count471
\calc@Adimen=\dimen300
\calc@Bdimen=\dimen301
\calc@Askip=\skip97
\calc@Bskip=\skip98
LaTeX Info: Redefining \setlength on input line 80.
LaTeX Info: Redefining \addtolength on input line 81.
\calc@Ccount=\count472
\calc@Cskip=\skip99
)
(/nix/store/q8g7wkha989gcphnlbx36xlmhmifwaqm-texlive-combined-full-2021.2021040
8/share/texmf/tex/latex/pgf/frontendlayer/tikz.sty
(/nix/store/q8g7wkha989gcphnlbx36xlmhmifwaqm-texlive-combined-full-2021.2021040
8/share/texmf/tex/latex/pgf/basiclayer/pgf.sty
Package: pgf 2020/12/27 v3.1.8b (3.1.8b)

(/nix/store/q8g7wkha989gcphnlbx36xlmhmifwaqm-texlive-combined-full-2021.2021040
8/share/texmf/tex/generic/pgf/modules/pgfmoduleshapes.code.tex
File: pgfmoduleshapes.code.tex 2020/12/27 v3.1.8b (3.1.8b)
\pgfnodeparttextbox=\box82
)
(/nix/store/q8g7wkha989gcphnlbx36xlmhmifwaqm-texlive-combined-full-2021.2021040
8/share/texmf/tex/generic/pgf/modules/pgfmoduleplot.code.tex
File: pgfmoduleplot.code.tex 2020/12/27 v3.1.8b (3.1.8b)
)
(/nix/store/q8g7wkha989gcphnlbx36xlmhmifwaqm-texlive-combined-full-2021.2021040
8/share/texmf/tex/latex/pgf/compatibility/pgfcomp-version-0-65.sty
Package: pgfcomp-version-0-65 2020/12/27 v3.1.8b (3.1.8b)
\pgf@nodesepstart=\dimen302
\pgf@nodesepend=\dimen303
)
(/nix/store/q8g7wkha989gcphnlbx36xlmhmifwaqm-texlive-combined-full-2021.2021040
8/share/texmf/tex/latex/pgf/compatibility/pgfcomp-version-1-18.sty
Package: pgfcomp-version-1-18 2020/12/27 v3.1.8b (3.1.8b)
))
(/nix/store/q8g7wkha989gcphnlbx36xlmhmifwaqm-texlive-combined-full-2021.2021040
8/share/texmf/tex/latex/pgf/utilities/pgffor.sty
(/nix/store/q8g7wkha989gcphnlbx36xlmhmifwaqm-texlive-combined-full-2021.2021040
8/share/texmf/tex/latex/pgf/math/pgfmath.sty
(/nix/store/q8g7wkha989gcphnlbx36xlmhmifwaqm-texlive-combined-full-2021.2021040
8/share/texmf/tex/generic/pgf/math/pgfmath.code.tex))
(/nix/store/q8g7wkha989gcphnlbx36xlmhmifwaqm-texlive-combined-full-2021.2021040
8/share/texmf/tex/generic/pgf/utilities/pgffor.code.tex
Package: pgffor 2020/12/27 v3.1.8b (3.1.8b)

(/nix/store/q8g7wkha989gcphnlbx36xlmhmifwaqm-texlive-combined-full-2021.2021040
8/share/texmf/tex/generic/pgf/math/pgfmath.code.tex)
\pgffor@iter=\dimen304
\pgffor@skip=\dimen305
\pgffor@stack=\toks53
\pgffor@toks=\toks54
))
(/nix/store/q8g7wkha989gcphnlbx36xlmhmifwaqm-texlive-combined-full-2021.2021040
8/share/texmf/tex/generic/pgf/frontendlayer/tikz/tikz.code.tex
Package: tikz 2020/12/27 v3.1.8b (3.1.8b)

(/nix/store/q8g7wkha989gcphnlbx36xlmhmifwaqm-texlive-combined-full-2021.2021040
8/share/texmf/tex/generic/pgf/libraries/pgflibraryplothandlers.code.tex
File: pgflibraryplothandlers.code.tex 2020/12/27 v3.1.8b (3.1.8b)
\pgf@plot@mark@count=\count473
\pgfplotmarksize=\dimen306
)
\tikz@lastx=\dimen307
\tikz@lasty=\dimen308
\tikz@lastxsaved=\dimen309
\tikz@lastysaved=\dimen310
\tikz@lastmovetox=\dimen311
\tikz@lastmovetoy=\dimen312
\tikzleveldistance=\dimen313
\tikzsiblingdistance=\dimen314
\tikz@figbox=\box83
\tikz@figbox@bg=\box84
\tikz@tempbox=\box85
\tikz@tempbox@bg=\box86
\tikztreelevel=\count474
\tikznumberofchildren=\count475
\tikznumberofcurrentchild=\count476
\tikz@fig@count=\count477

(/nix/store/q8g7wkha989gcphnlbx36xlmhmifwaqm-texlive-combined-full-2021.2021040
8/share/texmf/tex/generic/pgf/modules/pgfmodulematrix.code.tex
File: pgfmodulematrix.code.tex 2020/12/27 v3.1.8b (3.1.8b)
\pgfmatrixcurrentrow=\count478
\pgfmatrixcurrentcolumn=\count479
\pgf@matrix@numberofcolumns=\count480
)
\tikz@expandcount=\count481

(/nix/store/q8g7wkha989gcphnlbx36xlmhmifwaqm-texlive-combined-full-2021.2021040
8/share/texmf/tex/generic/pgf/frontendlayer/tikz/libraries/tikzlibrarytopaths.c
ode.tex
File: tikzlibrarytopaths.code.tex 2020/12/27 v3.1.8b (3.1.8b)
)))
\metropolis@titleseparator@linewidth=\skip100
\metropolis@progressonsectionpage=\skip101
\metropolis@progressonsectionpage@linewidth=\skip102
\metropolis@blocksep=\skip103
\metropolis@blockadjust=\skip104
\metropolis@parskip=\skip105
)
(/nix/store/q8g7wkha989gcphnlbx36xlmhmifwaqm-texlive-combined-full-2021.2021040
8/share/texmf/tex/latex/beamertheme-metropolis/beamerouterthememetropolis.sty
Package: beamerouterthememetropolis 2017/01/23 Metropolis outer theme
\metropolis@frametitle@padding=\skip106
\metropolis@progressinheadfoot=\skip107
\metropolis@progressinheadfoot@linewidth=\skip108
)
(/nix/store/q8g7wkha989gcphnlbx36xlmhmifwaqm-texlive-combined-full-2021.2021040
8/share/texmf/tex/latex/beamertheme-metropolis/beamercolorthememetropolis.sty
Package: beamercolorthememetropolis 2017/01/23 Metropolis color theme
)
(/nix/store/q8g7wkha989gcphnlbx36xlmhmifwaqm-texlive-combined-full-2021.2021040
8/share/texmf/tex/latex/beamertheme-metropolis/beamerfontthememetropolis.sty
Package: beamerfontthememetropolis 2017/01/23 Metropolis font theme


Package beamerthememetropolis Warning: You need to compile with XeLaTeX or LuaL
aTeX to use the Fira fonts on input line 95.

))

Package hyperref Warning: Token not allowed in a PDF string (Unicode):
(hyperref)                removing `\\' on input line 48.


Package hyperref Warning: Token not allowed in a PDF string (Unicode):
(hyperref)                removing `\\' on input line 48.


(/nix/store/q8g7wkha989gcphnlbx36xlmhmifwaqm-texlive-combined-full-2021.2021040
8/share/texmf/tex/latex/beamer/beamerpatchparalist.sty)

Package biblatex Warning: 'babel/polyglossia' detected but 'csquotes' missing.
(biblatex)                Loading 'csquotes' recommended.

\@quotelevel=\count482
\@quotereset=\count483
LaTeX Font Info:    Trying to load font information for T1+LinuxBiolinumT-TLF o
n input line 50.

(/nix/store/q8g7wkha989gcphnlbx36xlmhmifwaqm-texlive-combined-full-2021.2021040
8/share/texmf/tex/latex/libertine/T1LinuxBiolinumT-TLF.fd
File: T1LinuxBiolinumT-TLF.fd 2017/03/20 (autoinst) Font definitions for T1/Lin
uxBiolinumT-TLF.
)
LaTeX Font Info:    Font shape `T1/LinuxBiolinumT-TLF/m/n' will be
(Font)              scaled to size 10.95pt on input line 50.
 (./slides.aux)
\openout1 = `slides.aux'.

LaTeX Font Info:    Checking defaults for OML/cmm/m/it on input line 50.
LaTeX Font Info:    ... okay on input line 50.
LaTeX Font Info:    Checking defaults for OMS/cmsy/m/n on input line 50.
LaTeX Font Info:    ... okay on input line 50.
LaTeX Font Info:    Checking defaults for OT1/cmr/m/n on input line 50.
LaTeX Font Info:    ... okay on input line 50.
LaTeX Font Info:    Checking defaults for T1/cmr/m/n on input line 50.
LaTeX Font Info:    ... okay on input line 50.
LaTeX Font Info:    Checking defaults for TS1/cmr/m/n on input line 50.
LaTeX Font Info:    ... okay on input line 50.
LaTeX Font Info:    Checking defaults for OMX/cmex/m/n on input line 50.
LaTeX Font Info:    ... okay on input line 50.
LaTeX Font Info:    Checking defaults for U/cmr/m/n on input line 50.
LaTeX Font Info:    ... okay on input line 50.
LaTeX Font Info:    Checking defaults for PD1/pdf/m/n on input line 50.
LaTeX Font Info:    ... okay on input line 50.
LaTeX Font Info:    Checking defaults for PU/pdf/m/n on input line 50.
LaTeX Font Info:    ... okay on input line 50.

*geometry* driver: auto-detecting
*geometry* detected driver: pdftex
*geometry* verbose mode - [ preamble ] result:
* driver: pdftex
* paper: custom
* layout: <same size as paper>
* layoutoffset:(h,v)=(0.0pt,0.0pt)
* modes: includehead includefoot 
* h-part:(L,W,R)=(28.45274pt, 307.28987pt, 28.45274pt)
* v-part:(T,H,B)=(0.0pt, 273.14662pt, 0.0pt)
* \paperwidth=364.19536pt
* \paperheight=273.14662pt
* \textwidth=307.28987pt
* \textheight=244.6939pt
* \oddsidemargin=-43.81725pt
* \evensidemargin=-43.81725pt
* \topmargin=-72.26999pt
* \headheight=14.22636pt
* \headsep=0.0pt
* \topskip=11.0pt
* \footskip=14.22636pt
* \marginparwidth=4.0pt
* \marginparsep=10.0pt
* \columnsep=10.0pt
* \skip\footins=10.0pt plus 4.0pt minus 2.0pt
* \hoffset=0.0pt
* \voffset=0.0pt
* \mag=1000
* \@twocolumnfalse
* \@twosidefalse
* \@mparswitchfalse
* \@reversemarginfalse
* (1in=72.27pt=25.4mm, 1cm=28.453pt)


(/nix/store/q8g7wkha989gcphnlbx36xlmhmifwaqm-texlive-combined-full-2021.2021040
8/share/texmf/tex/context/base/mkii/supp-pdf.mkii
[Loading MPS to PDF converter (version 2006.09.02).]
\scratchcounter=\count484
\scratchdimen=\dimen315
\scratchbox=\box87
\nofMPsegments=\count485
\nofMParguments=\count486
\everyMPshowfont=\toks55
\MPscratchCnt=\count487
\MPscratchDim=\dimen316
\MPnumerator=\count488
\makeMPintoPDFobject=\count489
\everyMPtoPDFconversion=\toks56
)
(/nix/store/q8g7wkha989gcphnlbx36xlmhmifwaqm-texlive-combined-full-2021.2021040
8/share/texmf/tex/latex/epstopdf-pkg/epstopdf-base.sty
Package: epstopdf-base 2020-01-24 v2.11 Base part for package epstopdf
Package epstopdf-base Info: Redefining graphics rule for `.eps' on input line 4
85.

(/nix/store/q8g7wkha989gcphnlbx36xlmhmifwaqm-texlive-combined-full-2021.2021040
8/share/texmf/tex/latex/latexconfig/epstopdf-sys.cfg
File: epstopdf-sys.cfg 2010/07/13 v1.3 Configuration of (r)epstopdf for TeX Liv
e
))
Package hyperref Info: Link coloring OFF on input line 50.

(/nix/store/q8g7wkha989gcphnlbx36xlmhmifwaqm-texlive-combined-full-2021.2021040
8/share/texmf/tex/latex/hyperref/nameref.sty
Package: nameref 2021-04-02 v2.47 Cross-referencing by name of section

(/nix/store/q8g7wkha989gcphnlbx36xlmhmifwaqm-texlive-combined-full-2021.2021040
8/share/texmf/tex/latex/refcount/refcount.sty
Package: refcount 2019/12/15 v3.6 Data extraction from label references (HO)
)
(/nix/store/q8g7wkha989gcphnlbx36xlmhmifwaqm-texlive-combined-full-2021.2021040
8/share/texmf/tex/generic/gettitlestring/gettitlestring.sty
Package: gettitlestring 2019/12/15 v1.6 Cleanup title references (HO)
)
\c@section@level=\count490
)
LaTeX Info: Redefining \ref on input line 50.
LaTeX Info: Redefining \pageref on input line 50.
LaTeX Info: Redefining \nameref on input line 50.
 (./slides.out)
(./slides.out)
\@outlinefile=\write6
\openout6 = `slides.out'.

LaTeX Font Info:    Overwriting symbol font `operators' in version `normal'
(Font)                  OT1/cmr/m/n --> OT1/cmss/m/n on input line 50.
LaTeX Font Info:    Overwriting symbol font `operators' in version `bold'
(Font)                  OT1/cmr/bx/n --> OT1/cmss/b/n on input line 50.
\symnumbers=\mathgroup6
\sympureletters=\mathgroup7
LaTeX Font Info:    Overwriting math alphabet `\mathrm' in version `normal'
(Font)                  OT1/cmss/m/n --> T1/cmr/m/n on input line 50.
LaTeX Font Info:    Redeclaring math alphabet \mathbf on input line 50.
LaTeX Font Info:    Overwriting math alphabet `\mathbf' in version `normal'
(Font)                  OT1/cmr/bx/n --> T1/LinuxBiolinumT-TLF/b/n on input lin
e 50.
LaTeX Font Info:    Overwriting math alphabet `\mathbf' in version `bold'
(Font)                  OT1/cmr/bx/n --> T1/LinuxBiolinumT-TLF/b/n on input lin
e 50.
LaTeX Font Info:    Redeclaring math alphabet \mathsf on input line 50.
LaTeX Font Info:    Overwriting math alphabet `\mathsf' in version `normal'
(Font)                  OT1/cmss/m/n --> T1/LinuxBiolinumT-TLF/m/n on input lin
e 50.
LaTeX Font Info:    Overwriting math alphabet `\mathsf' in version `bold'
(Font)                  OT1/cmss/bx/n --> T1/LinuxBiolinumT-TLF/m/n on input li
ne 50.
LaTeX Font Info:    Redeclaring math alphabet \mathit on input line 50.
LaTeX Font Info:    Overwriting math alphabet `\mathit' in version `normal'
(Font)                  OT1/cmr/m/it --> T1/LinuxBiolinumT-TLF/m/it on input li
ne 50.
LaTeX Font Info:    Overwriting math alphabet `\mathit' in version `bold'
(Font)                  OT1/cmr/bx/it --> T1/LinuxBiolinumT-TLF/m/it on input l
ine 50.
LaTeX Font Info:    Redeclaring math alphabet \mathtt on input line 50.
LaTeX Font Info:    Overwriting math alphabet `\mathtt' in version `normal'
(Font)                  OT1/cmtt/m/n --> T1/cmtt/m/n on input line 50.
LaTeX Font Info:    Overwriting math alphabet `\mathtt' in version `bold'
(Font)                  OT1/cmtt/m/n --> T1/cmtt/m/n on input line 50.
LaTeX Font Info:    Overwriting symbol font `numbers' in version `bold'
(Font)                  T1/LinuxBiolinumT-TLF/m/n --> T1/LinuxBiolinumT-TLF/b/n
 on input line 50.
LaTeX Font Info:    Overwriting symbol font `pureletters' in version `bold'
(Font)                  T1/LinuxBiolinumT-TLF/m/it --> T1/LinuxBiolinumT-TLF/b/
it on input line 50.
LaTeX Font Info:    Overwriting math alphabet `\mathrm' in version `bold'
(Font)                  OT1/cmss/b/n --> T1/cmr/b/n on input line 50.
LaTeX Font Info:    Overwriting math alphabet `\mathbf' in version `bold'
(Font)                  T1/LinuxBiolinumT-TLF/b/n --> T1/LinuxBiolinumT-TLF/b/n
 on input line 50.
LaTeX Font Info:    Overwriting math alphabet `\mathsf' in version `bold'
(Font)                  T1/LinuxBiolinumT-TLF/m/n --> T1/LinuxBiolinumT-TLF/b/n
 on input line 50.
LaTeX Font Info:    Overwriting math alphabet `\mathit' in version `bold'
(Font)                  T1/LinuxBiolinumT-TLF/m/it --> T1/LinuxBiolinumT-TLF/b/
it on input line 50.
LaTeX Font Info:    Overwriting math alphabet `\mathtt' in version `bold'
(Font)                  T1/cmtt/m/n --> T1/cmtt/b/n on input line 50.

(/nix/store/q8g7wkha989gcphnlbx36xlmhmifwaqm-texlive-combined-full-2021.2021040
8/share/texmf/tex/latex/translator/translator-basic-dictionary-English.dict
Dictionary: translator-basic-dictionary, Language: English 
)
(/nix/store/q8g7wkha989gcphnlbx36xlmhmifwaqm-texlive-combined-full-2021.2021040
8/share/texmf/tex/latex/translator/translator-bibliography-dictionary-English.d
ict
Dictionary: translator-bibliography-dictionary, Language: English 
)
(/nix/store/q8g7wkha989gcphnlbx36xlmhmifwaqm-texlive-combined-full-2021.2021040
8/share/texmf/tex/latex/translator/translator-environment-dictionary-English.di
ct
Dictionary: translator-environment-dictionary, Language: English 
)
(/nix/store/q8g7wkha989gcphnlbx36xlmhmifwaqm-texlive-combined-full-2021.2021040
8/share/texmf/tex/latex/translator/translator-months-dictionary-English.dict
Dictionary: translator-months-dictionary, Language: English 
)
(/nix/store/q8g7wkha989gcphnlbx36xlmhmifwaqm-texlive-combined-full-2021.2021040
8/share/texmf/tex/latex/translator/translator-numbers-dictionary-English.dict
Dictionary: translator-numbers-dictionary, Language: English 
)
(/nix/store/q8g7wkha989gcphnlbx36xlmhmifwaqm-texlive-combined-full-2021.2021040
8/share/texmf/tex/latex/translator/translator-theorem-dictionary-English.dict
Dictionary: translator-theorem-dictionary, Language: English 
)
\c@mv@tabular=\count491
\c@mv@boldtabular=\count492
LaTeX Info: Redefining \microtypecontext on input line 50.
Package microtype Info: Generating PDF output.
Package microtype Info: Character protrusion enabled (level 2),
(microtype)             factor: 1100.
Package microtype Info: Using default protrusion set `alltext'.
Package microtype Info: Automatic font expansion enabled (level 2),
(microtype)             stretch: 10, shrink: 10, step: 1, non-selected.
Package microtype Info: Using default expansion set `alltext-nott'.
LaTeX Info: Redefining \showhyphens on input line 50.
Package microtype Info: Tracking enabled.
Package microtype Info: Using default tracking set `smallcaps'.
Package microtype Info: No adjustment of interword spacing.
Package microtype Info: No adjustment of character kerning.
Package microtype Info: Loading generic protrusion settings for font family
(microtype)             `LinuxBiolinumT-TLF' (encoding: T1).
(microtype)             For optimal results, create family-specific settings.
(microtype)             See the microtype manual for details.
Package biblatex Info: Trying to load language 'dutch'...
Package biblatex Info: ... file 'dutch.lbx' found.

(/nix/store/q8g7wkha989gcphnlbx36xlmhmifwaqm-texlive-combined-full-2021.2021040
8/share/texmf/tex/latex/biblatex/lbx/dutch.lbx
File: dutch.lbx 2020/12/31 v3.16 biblatex localization (PK/MW)
)
Package biblatex Info: Input encoding 'utf8' detected.
Package biblatex Info: Automatic encoding selection.
(biblatex)             Assuming data encoding 'utf8'.
Package biblatex Info: Document encoding is UTF8 ....
Package biblatex Info: ... and expl3
(biblatex)             2021-02-18 L3 programming layer (loader) 
(biblatex)             is new enough (at least 2020/04/06),
(biblatex)             setting 'casechanger=expl3'.

(/nix/store/q8g7wkha989gcphnlbx36xlmhmifwaqm-texlive-combined-full-2021.2021040
8/share/texmf/tex/latex/biblatex/blx-case-expl3.sty
Package: blx-case-expl3 2020/12/31 v3.16 expl3 case changing code for biblatex
)
\openout5 = `slides.bcf'.

Package biblatex Info: Trying to load bibliographic data...
Package biblatex Info: ... file 'slides.bbl' not found.

No file slides.bbl.
Package biblatex Info: Reference section=0 on input line 50.
Package biblatex Info: Reference segment=0 on input line 50.

(/nix/store/q8g7wkha989gcphnlbx36xlmhmifwaqm-texlive-combined-full-2021.2021040
8/share/texmf/tex/latex/siunitx/siunitx-abbreviations.cfg
File: siunitx-abbreviations.cfg 2017/11/26 v2.7k siunitx: Abbreviated units
)
(/nix/store/q8g7wkha989gcphnlbx36xlmhmifwaqm-texlive-combined-full-2021.2021040
8/share/texmf/tex/latex/siunitx/siunitx-binary.cfg
File: siunitx-binary.cfg 2017/11/26 v2.7k siunitx: Binary units
) (./slides.nav)
LaTeX Font Info:    Font shape `T1/LinuxBiolinumT-TLF/m/n' will be
(Font)              scaled to size 6.0pt on input line 50.
LaTeX Font Info:    Font shape `T1/LinuxBiolinumT-TLF/m/n' will be
(Font)              scaled to size 8.0pt on input line 50.
Package microtype Info: Loading generic protrusion settings for font family
(microtype)             `cmss' (encoding: OT1).
(microtype)             For optimal results, create family-specific settings.
(microtype)             See the microtype manual for details.
LaTeX Font Info:    Trying to load font information for U+msa on input line 50.


(/nix/store/q8g7wkha989gcphnlbx36xlmhmifwaqm-texlive-combined-full-2021.2021040
8/share/texmf/tex/latex/amsfonts/umsa.fd
File: umsa.fd 2013/01/14 v3.01 AMS symbols A
)
(/nix/store/q8g7wkha989gcphnlbx36xlmhmifwaqm-texlive-combined-full-2021.2021040
8/share/texmf/tex/latex/microtype/mt-msa.cfg
File: mt-msa.cfg 2006/02/04 v1.1 microtype config. file: AMS symbols (a) (RS)
)
LaTeX Font Info:    Trying to load font information for U+msb on input line 50.


(/nix/store/q8g7wkha989gcphnlbx36xlmhmifwaqm-texlive-combined-full-2021.2021040
8/share/texmf/tex/latex/amsfonts/umsb.fd
File: umsb.fd 2013/01/14 v3.01 AMS symbols B
)
(/nix/store/q8g7wkha989gcphnlbx36xlmhmifwaqm-texlive-combined-full-2021.2021040
8/share/texmf/tex/latex/microtype/mt-msb.cfg
File: mt-msb.cfg 2005/06/01 v1.0 microtype config. file: AMS symbols (b) (RS)
)
LaTeX Font Info:    Font shape `T1/LinuxBiolinumT-TLF/m/it' will be
(Font)              scaled to size 10.95pt on input line 50.
LaTeX Font Info:    Font shape `T1/LinuxBiolinumT-TLF/m/it' will be
(Font)              scaled to size 8.0pt on input line 50.
LaTeX Font Info:    Font shape `T1/LinuxBiolinumT-TLF/m/it' will be
(Font)              scaled to size 6.0pt on input line 50.
LaTeX Font Info:    Trying to load font information for T1+cmtt on input line 5
0.

(/nix/store/q8g7wkha989gcphnlbx36xlmhmifwaqm-texlive-combined-full-2021.2021040
8/share/texmf/tex/latex/base/t1cmtt.fd
File: t1cmtt.fd 2019/12/16 v2.5j Standard LaTeX font definitions
)
Package microtype Info: Loading generic protrusion settings for font family
(microtype)             `cmtt' (encoding: T1).
(microtype)             For optimal results, create family-specific settings.
(microtype)             See the microtype manual for details.
LaTeX Font Info:    Font shape `T1/LinuxBiolinumT-TLF/m/n' will be
(Font)              scaled to size 14.4pt on input line 51.
LaTeX Font Info:    Font shape `T1/LinuxBiolinumT-TLF/b/n' will be
(Font)              scaled to size 14.4pt on input line 51.
LaTeX Font Info:    Font shape `T1/LinuxBiolinumT-TLF/m/n' will be
(Font)              scaled to size 10.0pt on input line 51.

Overfull \vbox (15.63992pt too high) detected at line 51
 []

[1

{/nix/store/q8g7wkha989gcphnlbx36xlmhmifwaqm-texlive-combined-full-2021.2021040
8/share/texmf-var/fonts/map/pdftex/updmap/pdftex.map}]
LaTeX Font Info:    Trying to load font information for TS1+LinuxBiolinumT-TLF 
on input line 56.

(/nix/store/q8g7wkha989gcphnlbx36xlmhmifwaqm-texlive-combined-full-2021.2021040
8/share/texmf/tex/latex/libertine/TS1LinuxBiolinumT-TLF.fd
File: TS1LinuxBiolinumT-TLF.fd 2017/03/20 (autoinst) Font definitions for TS1/L
inuxBiolinumT-TLF.
)
LaTeX Font Info:    Font shape `TS1/LinuxBiolinumT-TLF/m/n' will be
(Font)              scaled to size 10.95pt on input line 56.
Package microtype Info: Loading generic protrusion settings for font family
(microtype)             `LinuxBiolinumT-TLF' (encoding: TS1).
(microtype)             For optimal results, create family-specific settings.
(microtype)             See the microtype manual for details.
LaTeX Font Info:    Font shape `T1/LinuxBiolinumT-TLF/m/n' will be
(Font)              scaled to size 12.0pt on input line 56.
LaTeX Font Info:    Font shape `T1/LinuxBiolinumT-TLF/b/n' will be
(Font)              scaled to size 12.0pt on input line 56.
LaTeX Font Info:    Font shape `T1/LinuxBiolinumT-TLF/m/n' will be
(Font)              scaled to size 4.0pt on input line 56.
 [2

] [3

] [4

]
\tf@nav=\write7
\openout7 = `slides.nav'.

\tf@toc=\write8
\openout8 = `slides.toc'.

\tf@snm=\write9
\openout9 = `slides.snm'.


(./slides.aux)
Package rerunfilecheck Info: File `slides.out' has not changed.
(rerunfilecheck)             Checksum: D41D8CD98F00B204E9800998ECF8427E;0.
Package logreq Info: Writing requests to 'slides.run.xml'.
\openout1 = `slides.run.xml'.

 ) 
Here is how much of TeX's memory you used:
 38360 strings out of 478994
 808918 string characters out of 5829509
 1489027 words of memory out of 5000000
 55068 multiletter control sequences out of 15000+600000
 477150 words of font info for 107 fonts, out of 8000000 for 9000
 1141 hyphenation exceptions out of 8191
 131i,13n,132p,1862b,1595s stack positions out of 5000i,500n,10000p,200000b,80000s
{/nix/store/q8g7wkha989gcphnlbx36xlmhmifwaqm-texlive-combined-full-2021.20210
408/share/texmf/fonts/enc/dvips/libertine/lbtn_afusau.enc}{/nix/store/q8g7wkha9
89gcphnlbx36xlmhmifwaqm-texlive-combined-full-2021.20210408/share/texmf/fonts/e
nc/dvips/libertine/lbtn_25tcsq.enc}</nix/store/q8g7wkha989gcphnlbx36xlmhmifwaqm
-texlive-combined-full-2021.20210408/share/texmf/fonts/type1/public/libertine/L
inBiolinumT.pfb></nix/store/q8g7wkha989gcphnlbx36xlmhmifwaqm-texlive-combined-f
ull-2021.20210408/share/texmf/fonts/type1/public/libertine/LinBiolinumTB.pfb>
Output written on slides.pdf (4 pages, 97594 bytes).
PDF statistics:
 52 PDF objects out of 1000 (max. 8388607)
 37 compressed objects within 1 object stream
 9 named destinations out of 1000 (max. 500000)
 42027 words of extra memory for PDF output out of 42996 (max. 10000000)

